[20:39:13] [Thread-4/INFO]: [STDOUT]: SERVER enter state: DORMANT
[20:39:13] [EnvServerSocketHandler/INFO]: Received Mission token fbec49b0-2351-4095-b7df-dac918686281:0:0:1:true
[20:39:13] [EnvServerSocketHandler/INFO]: Received mission init command  <MissionInit xmlns="http://ProjectMalmo.microsoft.com" xmlns:xsi="http://www.w3.org/2001/XMLSchema-instance" SchemaVersion="" PlatformVersion="0.37.0"><Mission><About><Summary>MineRLObtainDiamondShovel-v0</Summary></About><ModSettings><MsPerTick>50</MsPerTick></ModSettings><ServerSection><ServerInitialConditions><Time><AllowPassageOfTime>true</AllowPassageOfTime></Time><AllowSpawning>true</AllowSpawning></ServerInitialConditions><ServerHandlers><DefaultWorldGenerator forceReset="true" generatorOptions="{}"/><ServerQuitWhenAnyAgentFinishes/></ServerHandlers></ServerSection><AgentSection mode="Survival"><Name>MineRLAgent0</Name><AgentStart><LowLevelInputs>true</LowLevelInputs><GuiScale>1.0</GuiScale><GammaSetting>2.0</GammaSetting><FOVSetting>70.0</FOVSetting><FakeCursorSize>16</FakeCursorSize></AgentStart><AgentHandlers><FileBasedPerformanceProducer/><PauseCommand/><VideoProducer want_depth="false"><Width>640</Width><Height>360</Height></VideoProducer><ObservationFromFullInventory flat="false"/><HumanLevelCommands/><CameraCommands/></AgentHandlers></AgentSection></Mission><ExperimentUID>fbec49b0-2351-4095-b7df-dac918686281</ExperimentUID><ClientRole>0</ClientRole><ClientAgentConnection><ClientIPAddress>127.0.0.1</ClientIPAddress><ClientMissionControlPort>0</ClientMissionControlPort><ClientCommandsPort>0</ClientCommandsPort><AgentIPAddress>127.0.0.1</AgentIPAddress><AgentMissionControlPort>0</AgentMissionControlPort><AgentVideoPort>0</AgentVideoPort><AgentDepthPort>0</AgentDepthPort><AgentLuminancePort>0</AgentLuminancePort><AgentObservationsPort>0</AgentObservationsPort><AgentRewardsPort>0</AgentRewardsPort><AgentColourMapPort>0</AgentColourMapPort></ClientAgentConnection></MissionInit>
[20:39:15] [Render thread/INFO]: [STDOUT]: *** creating fake mouse cursor ***
[20:39:15] [EnvServerSocketHandler/INFO]: [STDOUT]: Setting width, height to 640, 360
[20:39:15] [EnvServerSocketHandler/INFO]: [STDOUT]: Gamma: 2.0
[20:39:15] [EnvServerSocketHandler/INFO]: [STDOUT]: FOV: 70.0
[20:39:15] [EnvServerSocketHandler/INFO]: [STDOUT]: GuiScale: 1.0
[20:39:15] [Render thread/INFO]: [STDOUT]: Seed not provided, generating random one: 8503264834064070583
[20:39:17] [Render thread/WARN]: Ambiguity between arguments [teleport, destination] and [teleport, targets] with inputs: [Player, 0123, @e, dd12be42-52a9-4a91-a8a1-11c01849e498]
[20:39:17] [Render thread/WARN]: Ambiguity between arguments [teleport, location] and [teleport, destination] with inputs: [0.1 -0.5 .9, 0 0 0]
[20:39:17] [Render thread/WARN]: Ambiguity between arguments [teleport, location] and [teleport, targets] with inputs: [0.1 -0.5 .9, 0 0 0]
[20:39:17] [Render thread/WARN]: Ambiguity between arguments [teleport, targets] and [teleport, destination] with inputs: [Player, 0123, dd12be42-52a9-4a91-a8a1-11c01849e498]
[20:39:17] [Render thread/WARN]: Ambiguity between arguments [teleport, targets, location] and [teleport, targets, destination] with inputs: [0.1 -0.5 .9, 0 0 0]
[20:39:17] [Render thread/INFO]: Reloading ResourceManager: Default
[20:39:18] [Render thread/INFO]: Loaded 7 recipes
[20:39:19] [Render thread/INFO]: Loaded 927 advancements
[20:39:21] [Render thread/INFO]: Environment: authHost='https://authserver.mojang.com', accountsHost='https://api.mojang.com', sessionHost='https://sessionserver.mojang.com', servicesHost='https://api.minecraftservices.com', name='PROD'
[20:39:21] [Render thread/INFO]: Starting integrated minecraft server version 1.16.5
[20:39:21] [Render thread/INFO]: Generating keypair
[20:39:28] [Render thread/INFO]: Preparing start region for dimension minecraft:overworld
[20:39:40] [Render thread/INFO]: Changing view distance to 11, from 10
[20:39:41] [Render thread/INFO]: MineRLAgent0[local:E:7a7e89d2] logged in with entity id 286 at (-333.5, 63.0, 714.5)
[20:39:41] [Render thread/INFO]: MineRLAgent0 joined the game
[20:39:41] [Render thread/INFO]: Preparing spawn area: 0%
[20:39:41] [Render thread/INFO]: Time elapsed: 4 ms
[20:39:41] [Render thread/INFO]: [STDOUT]: Starting new video null
[20:39:41] [Render thread/INFO]: Saving and pausing game...
[20:39:41] [Render thread/INFO]: Saving chunks for level 'ServerLevel[mcpworld76fb59295f71]'/minecraft:overworld
[20:39:42] [Render thread/INFO]: Saving chunks for level 'ServerLevel[mcpworld76fb59295f71]'/minecraft:the_nether
[20:39:42] [Render thread/INFO]: Saving chunks for level 'ServerLevel[mcpworld76fb59295f71]'/minecraft:the_end
[20:39:43] [Render thread/INFO]: Loaded 0 advancements
[20:39:45] [EnvServerSocketHandler/ERROR]: Error while processing commands
java.lang.NumberFormatException: For input string: "True"
	at java.lang.NumberFormatException.forInputString(NumberFormatException.java:65) ~[?:1.8.0_442]
	at java.lang.Integer.parseInt(Integer.java:580) ~[?:1.8.0_442]
	at java.lang.Integer.parseInt(Integer.java:615) ~[?:1.8.0_442]
	at com.minerl.multiagent.env.EnvServer.constructKeyboardState(EnvServer.java:611) ~[mcprec-6.13.jar:?]
	at com.minerl.multiagent.env.EnvServer.execActions(EnvServer.java:600) ~[mcprec-6.13.jar:?]
	at com.minerl.multiagent.env.EnvServer.stepClient(EnvServer.java:512) ~[mcprec-6.13.jar:?]
	at com.minerl.multiagent.env.EnvServer.access$200(EnvServer.java:50) ~[mcprec-6.13.jar:?]
	at com.minerl.multiagent.env.EnvServer$1.run(EnvServer.java:119) [mcprec-6.13.jar:?]
[20:39:45] [EnvServerSocketHandler/INFO]: [STDOUT]: *** Stopping the replay, returning control to the inputs
[20:39:45] [EnvServerSocketHandler/INFO]: Received Mission token dd342f36-3339-43a9-81cc-812cd38738ae:0:0:1:true
[20:39:45] [EnvServerSocketHandler/INFO]: Received mission init command  <MissionInit xmlns="http://ProjectMalmo.microsoft.com" xmlns:xsi="http://www.w3.org/2001/XMLSchema-instance" SchemaVersion="" PlatformVersion="0.37.0"><Mission><About><Summary>MineRLObtainDiamondShovel-v0</Summary></About><ModSettings><MsPerTick>50</MsPerTick></ModSettings><ServerSection><ServerInitialConditions><Time><AllowPassageOfTime>true</AllowPassageOfTime></Time><AllowSpawning>true</AllowSpawning></ServerInitialConditions><ServerHandlers><DefaultWorldGenerator forceReset="true" generatorOptions="{}"/><ServerQuitWhenAnyAgentFinishes/></ServerHandlers></ServerSection><AgentSection mode="Survival"><Name>MineRLAgent0</Name><AgentStart><LowLevelInputs>true</LowLevelInputs><GuiScale>1.0</GuiScale><GammaSetting>2.0</GammaSetting><FOVSetting>70.0</FOVSetting><FakeCursorSize>16</FakeCursorSize></AgentStart><AgentHandlers><FileBasedPerformanceProducer/><PauseCommand/><VideoProducer want_depth="false"><Width>640</Width><Height>360</Height></VideoProducer><ObservationFromFullInventory flat="false"/><HumanLevelCommands/><CameraCommands/></AgentHandlers></AgentSection></Mission><ExperimentUID>dd342f36-3339-43a9-81cc-812cd38738ae</ExperimentUID><ClientRole>0</ClientRole><ClientAgentConnection><ClientIPAddress>127.0.0.1</ClientIPAddress><ClientMissionControlPort>0</ClientMissionControlPort><ClientCommandsPort>0</ClientCommandsPort><AgentIPAddress>127.0.0.1</AgentIPAddress><AgentMissionControlPort>0</AgentMissionControlPort><AgentVideoPort>0</AgentVideoPort><AgentDepthPort>0</AgentDepthPort><AgentLuminancePort>0</AgentLuminancePort><AgentObservationsPort>0</AgentObservationsPort><AgentRewardsPort>0</AgentRewardsPort><AgentColourMapPort>0</AgentColourMapPort></ClientAgentConnection></MissionInit>
[20:39:45] [EnvServerSocketHandler/INFO]: [STDOUT]: Setting width, height to 640, 360
[20:39:45] [EnvServerSocketHandler/INFO]: [STDOUT]: Gamma: 2.0
[20:39:45] [EnvServerSocketHandler/INFO]: [STDOUT]: FOV: 70.0
[20:39:45] [EnvServerSocketHandler/INFO]: [STDOUT]: GuiScale: 1.0
[20:39:45] [Render thread/INFO]: [STDOUT]: Seed not provided, generating random one: 2030532036831355329
[20:39:45] [Render thread/WARN]: Ambiguity between arguments [teleport, destination] and [teleport, targets] with inputs: [Player, 0123, @e, dd12be42-52a9-4a91-a8a1-11c01849e498]
[20:39:45] [Render thread/WARN]: Ambiguity between arguments [teleport, location] and [teleport, destination] with inputs: [0.1 -0.5 .9, 0 0 0]
[20:39:45] [Render thread/WARN]: Ambiguity between arguments [teleport, location] and [teleport, targets] with inputs: [0.1 -0.5 .9, 0 0 0]
[20:39:45] [Render thread/WARN]: Ambiguity between arguments [teleport, targets] and [teleport, destination] with inputs: [Player, 0123, dd12be42-52a9-4a91-a8a1-11c01849e498]
[20:39:45] [Render thread/WARN]: Ambiguity between arguments [teleport, targets, location] and [teleport, targets, destination] with inputs: [0.1 -0.5 .9, 0 0 0]
[20:39:45] [Render thread/INFO]: Reloading ResourceManager: Default
[20:39:46] [Render thread/INFO]: Loaded 7 recipes
[20:39:46] [Render thread/INFO]: Loaded 927 advancements
[20:39:46] [Render thread/INFO]: Environment: authHost='https://authserver.mojang.com', accountsHost='https://api.mojang.com', sessionHost='https://sessionserver.mojang.com', servicesHost='https://api.minecraftservices.com', name='PROD'
[20:39:46] [Render thread/INFO]: Starting integrated minecraft server version 1.16.5
[20:39:46] [Render thread/INFO]: Generating keypair
[20:39:49] [Render thread/INFO]: Preparing start region for dimension minecraft:overworld
[20:40:00] [Render thread/INFO]: Changing view distance to 11, from 10
[20:40:00] [Render thread/INFO]: MineRLAgent0[local:E:d2c89444] logged in with entity id 704 at (-269.5, 66.0, 362.5)
[20:40:00] [Render thread/INFO]: MineRLAgent0 joined the game
[20:40:00] [Render thread/INFO]: Preparing spawn area: 18%
[20:40:00] [Render thread/INFO]: Time elapsed: 2 ms
[20:40:00] [Render thread/INFO]: [STDOUT]: Starting new video null
[20:40:00] [Render thread/INFO]: Saving and pausing game...
[20:40:00] [Render thread/INFO]: Saving chunks for level 'ServerLevel[mcpworld4a196272fea1]'/minecraft:overworld
[20:40:01] [Render thread/INFO]: Saving chunks for level 'ServerLevel[mcpworld4a196272fea1]'/minecraft:the_nether
[20:40:01] [Render thread/INFO]: Saving chunks for level 'ServerLevel[mcpworld4a196272fea1]'/minecraft:the_end
[20:40:01] [Render thread/INFO]: Loaded 0 advancements
[20:40:03] [EnvServerSocketHandler/ERROR]: Error while processing commands
java.lang.NumberFormatException: For input string: "True"
	at java.lang.NumberFormatException.forInputString(NumberFormatException.java:65) ~[?:1.8.0_442]
	at java.lang.Integer.parseInt(Integer.java:580) ~[?:1.8.0_442]
	at java.lang.Integer.parseInt(Integer.java:615) ~[?:1.8.0_442]
	at com.minerl.multiagent.env.EnvServer.constructKeyboardState(EnvServer.java:611) ~[mcprec-6.13.jar:?]
	at com.minerl.multiagent.env.EnvServer.execActions(EnvServer.java:600) ~[mcprec-6.13.jar:?]
	at com.minerl.multiagent.env.EnvServer.stepClient(EnvServer.java:512) ~[mcprec-6.13.jar:?]
	at com.minerl.multiagent.env.EnvServer.access$200(EnvServer.java:50) ~[mcprec-6.13.jar:?]
	at com.minerl.multiagent.env.EnvServer$1.run(EnvServer.java:119) [mcprec-6.13.jar:?]
[20:40:03] [EnvServerSocketHandler/INFO]: [STDOUT]: *** Stopping the replay, returning control to the inputs
[20:40:03] [EnvServerSocketHandler/INFO]: Received Mission token 6873d768-c598-43b6-9ba7-cbaa1311560c:0:0:1:true
[20:40:03] [EnvServerSocketHandler/INFO]: Received mission init command  <MissionInit xmlns="http://ProjectMalmo.microsoft.com" xmlns:xsi="http://www.w3.org/2001/XMLSchema-instance" SchemaVersion="" PlatformVersion="0.37.0"><Mission><About><Summary>MineRLObtainDiamondShovel-v0</Summary></About><ModSettings><MsPerTick>50</MsPerTick></ModSettings><ServerSection><ServerInitialConditions><Time><AllowPassageOfTime>true</AllowPassageOfTime></Time><AllowSpawning>true</AllowSpawning></ServerInitialConditions><ServerHandlers><DefaultWorldGenerator forceReset="true" generatorOptions="{}"/><ServerQuitWhenAnyAgentFinishes/></ServerHandlers></ServerSection><AgentSection mode="Survival"><Name>MineRLAgent0</Name><AgentStart><LowLevelInputs>true</LowLevelInputs><GuiScale>1.0</GuiScale><GammaSetting>2.0</GammaSetting><FOVSetting>70.0</FOVSetting><FakeCursorSize>16</FakeCursorSize></AgentStart><AgentHandlers><FileBasedPerformanceProducer/><PauseCommand/><VideoProducer want_depth="false"><Width>640</Width><Height>360</Height></VideoProducer><ObservationFromFullInventory flat="false"/><HumanLevelCommands/><CameraCommands/></AgentHandlers></AgentSection></Mission><ExperimentUID>6873d768-c598-43b6-9ba7-cbaa1311560c</ExperimentUID><ClientRole>0</ClientRole><ClientAgentConnection><ClientIPAddress>127.0.0.1</ClientIPAddress><ClientMissionControlPort>0</ClientMissionControlPort><ClientCommandsPort>0</ClientCommandsPort><AgentIPAddress>127.0.0.1</AgentIPAddress><AgentMissionControlPort>0</AgentMissionControlPort><AgentVideoPort>0</AgentVideoPort><AgentDepthPort>0</AgentDepthPort><AgentLuminancePort>0</AgentLuminancePort><AgentObservationsPort>0</AgentObservationsPort><AgentRewardsPort>0</AgentRewardsPort><AgentColourMapPort>0</AgentColourMapPort></ClientAgentConnection></MissionInit>
[20:40:03] [EnvServerSocketHandler/INFO]: [STDOUT]: Setting width, height to 640, 360
[20:40:03] [EnvServerSocketHandler/INFO]: [STDOUT]: Gamma: 2.0
[20:40:03] [EnvServerSocketHandler/INFO]: [STDOUT]: FOV: 70.0
[20:40:03] [EnvServerSocketHandler/INFO]: [STDOUT]: GuiScale: 1.0
[20:40:03] [Render thread/INFO]: [STDOUT]: Seed not provided, generating random one: 4269552569780049384
[20:40:03] [Render thread/WARN]: Ambiguity between arguments [teleport, destination] and [teleport, targets] with inputs: [Player, 0123, @e, dd12be42-52a9-4a91-a8a1-11c01849e498]
[20:40:03] [Render thread/WARN]: Ambiguity between arguments [teleport, location] and [teleport, destination] with inputs: [0.1 -0.5 .9, 0 0 0]
[20:40:03] [Render thread/WARN]: Ambiguity between arguments [teleport, location] and [teleport, targets] with inputs: [0.1 -0.5 .9, 0 0 0]
[20:40:03] [Render thread/WARN]: Ambiguity between arguments [teleport, targets] and [teleport, destination] with inputs: [Player, 0123, dd12be42-52a9-4a91-a8a1-11c01849e498]
[20:40:03] [Render thread/WARN]: Ambiguity between arguments [teleport, targets, location] and [teleport, targets, destination] with inputs: [0.1 -0.5 .9, 0 0 0]
[20:40:03] [Render thread/INFO]: Reloading ResourceManager: Default
[20:40:03] [Render thread/INFO]: Loaded 7 recipes
[20:40:04] [Render thread/INFO]: Loaded 927 advancements
[20:40:04] [Render thread/INFO]: Environment: authHost='https://authserver.mojang.com', accountsHost='https://api.mojang.com', sessionHost='https://sessionserver.mojang.com', servicesHost='https://api.minecraftservices.com', name='PROD'
[20:40:04] [Render thread/INFO]: Starting integrated minecraft server version 1.16.5
[20:40:04] [Render thread/INFO]: Generating keypair
[20:40:08] [Render thread/INFO]: Preparing start region for dimension minecraft:overworld
[20:40:14] [Render thread/INFO]: Changing view distance to 11, from 10
[20:40:14] [Render thread/INFO]: MineRLAgent0[local:E:9fe696b9] logged in with entity id 1016 at (930.5, 63.0, 634.5)
[20:40:14] [Render thread/INFO]: MineRLAgent0 joined the game
[20:40:14] [Render thread/INFO]: Preparing spawn area: 0%
[20:40:14] [Render thread/INFO]: Time elapsed: 2 ms
[20:40:15] [Render thread/INFO]: [STDOUT]: Starting new video null
[20:40:15] [Render thread/INFO]: Saving and pausing game...
[20:40:15] [Render thread/INFO]: Saving chunks for level 'ServerLevel[mcpworld9b4f0f622c7a]'/minecraft:overworld
[20:40:15] [Render thread/INFO]: Saving chunks for level 'ServerLevel[mcpworld9b4f0f622c7a]'/minecraft:the_nether
[20:40:15] [Render thread/INFO]: Saving chunks for level 'ServerLevel[mcpworld9b4f0f622c7a]'/minecraft:the_end
[20:40:15] [Render thread/INFO]: Loaded 0 advancements
[20:40:17] [EnvServerSocketHandler/ERROR]: Error while processing commands
java.lang.NumberFormatException: For input string: "True"
	at java.lang.NumberFormatException.forInputString(NumberFormatException.java:65) ~[?:1.8.0_442]
	at java.lang.Integer.parseInt(Integer.java:580) ~[?:1.8.0_442]
	at java.lang.Integer.parseInt(Integer.java:615) ~[?:1.8.0_442]
	at com.minerl.multiagent.env.EnvServer.constructKeyboardState(EnvServer.java:611) ~[mcprec-6.13.jar:?]
	at com.minerl.multiagent.env.EnvServer.execActions(EnvServer.java:600) ~[mcprec-6.13.jar:?]
	at com.minerl.multiagent.env.EnvServer.stepClient(EnvServer.java:512) ~[mcprec-6.13.jar:?]
	at com.minerl.multiagent.env.EnvServer.access$200(EnvServer.java:50) ~[mcprec-6.13.jar:?]
	at com.minerl.multiagent.env.EnvServer$1.run(EnvServer.java:119) [mcprec-6.13.jar:?]
[20:40:17] [EnvServerSocketHandler/INFO]: [STDOUT]: *** Stopping the replay, returning control to the inputs
[20:40:17] [EnvServerSocketHandler/INFO]: Received Mission token f29287c6-5a12-46c8-9267-b75d81f9d5ed:0:0:1:true
[20:40:17] [EnvServerSocketHandler/INFO]: Received mission init command  <MissionInit xmlns="http://ProjectMalmo.microsoft.com" xmlns:xsi="http://www.w3.org/2001/XMLSchema-instance" SchemaVersion="" PlatformVersion="0.37.0"><Mission><About><Summary>MineRLObtainDiamondShovel-v0</Summary></About><ModSettings><MsPerTick>50</MsPerTick></ModSettings><ServerSection><ServerInitialConditions><Time><AllowPassageOfTime>true</AllowPassageOfTime></Time><AllowSpawning>true</AllowSpawning></ServerInitialConditions><ServerHandlers><DefaultWorldGenerator forceReset="true" generatorOptions="{}"/><ServerQuitWhenAnyAgentFinishes/></ServerHandlers></ServerSection><AgentSection mode="Survival"><Name>MineRLAgent0</Name><AgentStart><LowLevelInputs>true</LowLevelInputs><GuiScale>1.0</GuiScale><GammaSetting>2.0</GammaSetting><FOVSetting>70.0</FOVSetting><FakeCursorSize>16</FakeCursorSize></AgentStart><AgentHandlers><FileBasedPerformanceProducer/><PauseCommand/><VideoProducer want_depth="false"><Width>640</Width><Height>360</Height></VideoProducer><ObservationFromFullInventory flat="false"/><HumanLevelCommands/><CameraCommands/></AgentHandlers></AgentSection></Mission><ExperimentUID>f29287c6-5a12-46c8-9267-b75d81f9d5ed</ExperimentUID><ClientRole>0</ClientRole><ClientAgentConnection><ClientIPAddress>127.0.0.1</ClientIPAddress><ClientMissionControlPort>0</ClientMissionControlPort><ClientCommandsPort>0</ClientCommandsPort><AgentIPAddress>127.0.0.1</AgentIPAddress><AgentMissionControlPort>0</AgentMissionControlPort><AgentVideoPort>0</AgentVideoPort><AgentDepthPort>0</AgentDepthPort><AgentLuminancePort>0</AgentLuminancePort><AgentObservationsPort>0</AgentObservationsPort><AgentRewardsPort>0</AgentRewardsPort><AgentColourMapPort>0</AgentColourMapPort></ClientAgentConnection></MissionInit>
[20:40:17] [EnvServerSocketHandler/INFO]: [STDOUT]: Setting width, height to 640, 360
[20:40:17] [EnvServerSocketHandler/INFO]: [STDOUT]: Gamma: 2.0
[20:40:17] [EnvServerSocketHandler/INFO]: [STDOUT]: FOV: 70.0
[20:40:17] [EnvServerSocketHandler/INFO]: [STDOUT]: GuiScale: 1.0
[20:40:17] [Render thread/INFO]: [STDOUT]: Seed not provided, generating random one: 5138507551093032290
[20:40:17] [Render thread/WARN]: Ambiguity between arguments [teleport, destination] and [teleport, targets] with inputs: [Player, 0123, @e, dd12be42-52a9-4a91-a8a1-11c01849e498]
[20:40:17] [Render thread/WARN]: Ambiguity between arguments [teleport, location] and [teleport, destination] with inputs: [0.1 -0.5 .9, 0 0 0]
[20:40:17] [Render thread/WARN]: Ambiguity between arguments [teleport, location] and [teleport, targets] with inputs: [0.1 -0.5 .9, 0 0 0]
[20:40:17] [Render thread/WARN]: Ambiguity between arguments [teleport, targets] and [teleport, destination] with inputs: [Player, 0123, dd12be42-52a9-4a91-a8a1-11c01849e498]
[20:40:17] [Render thread/WARN]: Ambiguity between arguments [teleport, targets, location] and [teleport, targets, destination] with inputs: [0.1 -0.5 .9, 0 0 0]
[20:40:17] [Render thread/INFO]: Reloading ResourceManager: Default
[20:40:17] [Render thread/INFO]: Loaded 7 recipes
[20:40:17] [Render thread/INFO]: Loaded 927 advancements
[20:40:18] [Render thread/INFO]: Environment: authHost='https://authserver.mojang.com', accountsHost='https://api.mojang.com', sessionHost='https://sessionserver.mojang.com', servicesHost='https://api.minecraftservices.com', name='PROD'
[20:40:18] [Render thread/INFO]: Starting integrated minecraft server version 1.16.5
[20:40:18] [Render thread/INFO]: Generating keypair
[20:40:22] [Render thread/INFO]: Preparing start region for dimension minecraft:overworld
[20:40:32] [Render thread/INFO]: Changing view distance to 11, from 10
[20:40:33] [Render thread/INFO]: MineRLAgent0[local:E:95a575a7] logged in with entity id 1451 at (990.5, 78.0, -276.5)
[20:40:33] [Render thread/INFO]: MineRLAgent0 joined the game
[20:40:33] [Render thread/INFO]: Preparing spawn area: 2%
[20:40:33] [Render thread/INFO]: Time elapsed: 2 ms
[20:40:33] [Render thread/INFO]: [STDOUT]: Starting new video null
[20:40:33] [Render thread/INFO]: Saving and pausing game...
[20:40:33] [Render thread/INFO]: Saving chunks for level 'ServerLevel[mcpworldc312aff40e21]'/minecraft:overworld
[20:40:34] [Render thread/INFO]: Saving chunks for level 'ServerLevel[mcpworldc312aff40e21]'/minecraft:the_nether
[20:40:34] [Render thread/INFO]: Saving chunks for level 'ServerLevel[mcpworldc312aff40e21]'/minecraft:the_end
[20:40:34] [Render thread/INFO]: Loaded 0 advancements
[20:40:36] [EnvServerSocketHandler/ERROR]: Error while processing commands
java.lang.NumberFormatException: For input string: "True"
	at java.lang.NumberFormatException.forInputString(NumberFormatException.java:65) ~[?:1.8.0_442]
	at java.lang.Integer.parseInt(Integer.java:580) ~[?:1.8.0_442]
	at java.lang.Integer.parseInt(Integer.java:615) ~[?:1.8.0_442]
	at com.minerl.multiagent.env.EnvServer.constructKeyboardState(EnvServer.java:611) ~[mcprec-6.13.jar:?]
	at com.minerl.multiagent.env.EnvServer.execActions(EnvServer.java:600) ~[mcprec-6.13.jar:?]
	at com.minerl.multiagent.env.EnvServer.stepClient(EnvServer.java:512) ~[mcprec-6.13.jar:?]
	at com.minerl.multiagent.env.EnvServer.access$200(EnvServer.java:50) ~[mcprec-6.13.jar:?]
	at com.minerl.multiagent.env.EnvServer$1.run(EnvServer.java:119) [mcprec-6.13.jar:?]
[20:40:36] [EnvServerSocketHandler/INFO]: [STDOUT]: *** Stopping the replay, returning control to the inputs
[20:40:36] [EnvServerSocketHandler/INFO]: Received Mission token b265f4d7-6bc2-4bf9-bacd-847792ee7602:0:0:1:true
[20:40:36] [EnvServerSocketHandler/INFO]: Received mission init command  <MissionInit xmlns="http://ProjectMalmo.microsoft.com" xmlns:xsi="http://www.w3.org/2001/XMLSchema-instance" SchemaVersion="" PlatformVersion="0.37.0"><Mission><About><Summary>MineRLObtainDiamondShovel-v0</Summary></About><ModSettings><MsPerTick>50</MsPerTick></ModSettings><ServerSection><ServerInitialConditions><Time><AllowPassageOfTime>true</AllowPassageOfTime></Time><AllowSpawning>true</AllowSpawning></ServerInitialConditions><ServerHandlers><DefaultWorldGenerator forceReset="true" generatorOptions="{}"/><ServerQuitWhenAnyAgentFinishes/></ServerHandlers></ServerSection><AgentSection mode="Survival"><Name>MineRLAgent0</Name><AgentStart><LowLevelInputs>true</LowLevelInputs><GuiScale>1.0</GuiScale><GammaSetting>2.0</GammaSetting><FOVSetting>70.0</FOVSetting><FakeCursorSize>16</FakeCursorSize></AgentStart><AgentHandlers><FileBasedPerformanceProducer/><PauseCommand/><VideoProducer want_depth="false"><Width>640</Width><Height>360</Height></VideoProducer><ObservationFromFullInventory flat="false"/><HumanLevelCommands/><CameraCommands/></AgentHandlers></AgentSection></Mission><ExperimentUID>b265f4d7-6bc2-4bf9-bacd-847792ee7602</ExperimentUID><ClientRole>0</ClientRole><ClientAgentConnection><ClientIPAddress>127.0.0.1</ClientIPAddress><ClientMissionControlPort>0</ClientMissionControlPort><ClientCommandsPort>0</ClientCommandsPort><AgentIPAddress>127.0.0.1</AgentIPAddress><AgentMissionControlPort>0</AgentMissionControlPort><AgentVideoPort>0</AgentVideoPort><AgentDepthPort>0</AgentDepthPort><AgentLuminancePort>0</AgentLuminancePort><AgentObservationsPort>0</AgentObservationsPort><AgentRewardsPort>0</AgentRewardsPort><AgentColourMapPort>0</AgentColourMapPort></ClientAgentConnection></MissionInit>
[20:40:36] [EnvServerSocketHandler/INFO]: [STDOUT]: Setting width, height to 640, 360
[20:40:36] [EnvServerSocketHandler/INFO]: [STDOUT]: Gamma: 2.0
[20:40:36] [EnvServerSocketHandler/INFO]: [STDOUT]: FOV: 70.0
[20:40:36] [EnvServerSocketHandler/INFO]: [STDOUT]: GuiScale: 1.0
[20:40:36] [Render thread/INFO]: [STDOUT]: Seed not provided, generating random one: 3703855651959743793
[20:40:36] [Render thread/WARN]: Ambiguity between arguments [teleport, destination] and [teleport, targets] with inputs: [Player, 0123, @e, dd12be42-52a9-4a91-a8a1-11c01849e498]
[20:40:36] [Render thread/WARN]: Ambiguity between arguments [teleport, location] and [teleport, destination] with inputs: [0.1 -0.5 .9, 0 0 0]
[20:40:36] [Render thread/WARN]: Ambiguity between arguments [teleport, location] and [teleport, targets] with inputs: [0.1 -0.5 .9, 0 0 0]
[20:40:36] [Render thread/WARN]: Ambiguity between arguments [teleport, targets] and [teleport, destination] with inputs: [Player, 0123, dd12be42-52a9-4a91-a8a1-11c01849e498]
[20:40:36] [Render thread/WARN]: Ambiguity between arguments [teleport, targets, location] and [teleport, targets, destination] with inputs: [0.1 -0.5 .9, 0 0 0]
[20:40:36] [Render thread/INFO]: Reloading ResourceManager: Default
[20:40:36] [Render thread/INFO]: Loaded 7 recipes
[20:40:36] [Render thread/INFO]: Loaded 927 advancements
[20:40:37] [Render thread/INFO]: Environment: authHost='https://authserver.mojang.com', accountsHost='https://api.mojang.com', sessionHost='https://sessionserver.mojang.com', servicesHost='https://api.minecraftservices.com', name='PROD'
[20:40:37] [Render thread/INFO]: Starting integrated minecraft server version 1.16.5
[20:40:37] [Render thread/INFO]: Generating keypair
[20:40:40] [Render thread/INFO]: Preparing start region for dimension minecraft:overworld
[20:40:52] [Render thread/INFO]: Changing view distance to 11, from 10
[20:40:52] [Render thread/INFO]: MineRLAgent0[local:E:7200d66d] logged in with entity id 1933 at (-321.5, 72.0, -740.5)
[20:40:52] [Render thread/INFO]: MineRLAgent0 joined the game
[20:40:52] [Render thread/INFO]: Preparing spawn area: 43%
[20:40:52] [Render thread/INFO]: Time elapsed: 1 ms
[20:40:52] [Render thread/INFO]: [STDOUT]: Starting new video null
[20:40:52] [Render thread/INFO]: Saving and pausing game...
[20:40:52] [Render thread/INFO]: Saving chunks for level 'ServerLevel[mcpworld4addb2c674aa]'/minecraft:overworld
[20:40:53] [Render thread/INFO]: Saving chunks for level 'ServerLevel[mcpworld4addb2c674aa]'/minecraft:the_nether
[20:40:53] [Render thread/INFO]: Saving chunks for level 'ServerLevel[mcpworld4addb2c674aa]'/minecraft:the_end
[20:40:53] [Render thread/INFO]: Loaded 0 advancements
[20:40:55] [EnvServerSocketHandler/ERROR]: Error while processing commands
java.lang.NumberFormatException: For input string: "True"
	at java.lang.NumberFormatException.forInputString(NumberFormatException.java:65) ~[?:1.8.0_442]
	at java.lang.Integer.parseInt(Integer.java:580) ~[?:1.8.0_442]
	at java.lang.Integer.parseInt(Integer.java:615) ~[?:1.8.0_442]
	at com.minerl.multiagent.env.EnvServer.constructKeyboardState(EnvServer.java:611) ~[mcprec-6.13.jar:?]
	at com.minerl.multiagent.env.EnvServer.execActions(EnvServer.java:600) ~[mcprec-6.13.jar:?]
	at com.minerl.multiagent.env.EnvServer.stepClient(EnvServer.java:512) ~[mcprec-6.13.jar:?]
	at com.minerl.multiagent.env.EnvServer.access$200(EnvServer.java:50) ~[mcprec-6.13.jar:?]
	at com.minerl.multiagent.env.EnvServer$1.run(EnvServer.java:119) [mcprec-6.13.jar:?]
[20:40:55] [EnvServerSocketHandler/INFO]: [STDOUT]: *** Stopping the replay, returning control to the inputs
[20:40:55] [EnvServerSocketHandler/INFO]: Received Mission token 5e53c073-e202-4998-91c4-af9ca8e39db5:0:0:1:true
[20:40:55] [EnvServerSocketHandler/INFO]: Received mission init command  <MissionInit xmlns="http://ProjectMalmo.microsoft.com" xmlns:xsi="http://www.w3.org/2001/XMLSchema-instance" SchemaVersion="" PlatformVersion="0.37.0"><Mission><About><Summary>MineRLObtainDiamondShovel-v0</Summary></About><ModSettings><MsPerTick>50</MsPerTick></ModSettings><ServerSection><ServerInitialConditions><Time><AllowPassageOfTime>true</AllowPassageOfTime></Time><AllowSpawning>true</AllowSpawning></ServerInitialConditions><ServerHandlers><DefaultWorldGenerator forceReset="true" generatorOptions="{}"/><ServerQuitWhenAnyAgentFinishes/></ServerHandlers></ServerSection><AgentSection mode="Survival"><Name>MineRLAgent0</Name><AgentStart><LowLevelInputs>true</LowLevelInputs><GuiScale>1.0</GuiScale><GammaSetting>2.0</GammaSetting><FOVSetting>70.0</FOVSetting><FakeCursorSize>16</FakeCursorSize></AgentStart><AgentHandlers><FileBasedPerformanceProducer/><PauseCommand/><VideoProducer want_depth="false"><Width>640</Width><Height>360</Height></VideoProducer><ObservationFromFullInventory flat="false"/><HumanLevelCommands/><CameraCommands/></AgentHandlers></AgentSection></Mission><ExperimentUID>5e53c073-e202-4998-91c4-af9ca8e39db5</ExperimentUID><ClientRole>0</ClientRole><ClientAgentConnection><ClientIPAddress>127.0.0.1</ClientIPAddress><ClientMissionControlPort>0</ClientMissionControlPort><ClientCommandsPort>0</ClientCommandsPort><AgentIPAddress>127.0.0.1</AgentIPAddress><AgentMissionControlPort>0</AgentMissionControlPort><AgentVideoPort>0</AgentVideoPort><AgentDepthPort>0</AgentDepthPort><AgentLuminancePort>0</AgentLuminancePort><AgentObservationsPort>0</AgentObservationsPort><AgentRewardsPort>0</AgentRewardsPort><AgentColourMapPort>0</AgentColourMapPort></ClientAgentConnection></MissionInit>
[20:40:55] [EnvServerSocketHandler/INFO]: [STDOUT]: Setting width, height to 640, 360
[20:40:55] [EnvServerSocketHandler/INFO]: [STDOUT]: Gamma: 2.0
[20:40:55] [EnvServerSocketHandler/INFO]: [STDOUT]: FOV: 70.0
[20:40:55] [EnvServerSocketHandler/INFO]: [STDOUT]: GuiScale: 1.0
[20:40:55] [Render thread/INFO]: [STDOUT]: Seed not provided, generating random one: 5958684827722955162
[20:40:55] [Render thread/WARN]: Ambiguity between arguments [teleport, destination] and [teleport, targets] with inputs: [Player, 0123, @e, dd12be42-52a9-4a91-a8a1-11c01849e498]
[20:40:55] [Render thread/WARN]: Ambiguity between arguments [teleport, location] and [teleport, destination] with inputs: [0.1 -0.5 .9, 0 0 0]
[20:40:55] [Render thread/WARN]: Ambiguity between arguments [teleport, location] and [teleport, targets] with inputs: [0.1 -0.5 .9, 0 0 0]
[20:40:55] [Render thread/WARN]: Ambiguity between arguments [teleport, targets] and [teleport, destination] with inputs: [Player, 0123, dd12be42-52a9-4a91-a8a1-11c01849e498]
[20:40:55] [Render thread/WARN]: Ambiguity between arguments [teleport, targets, location] and [teleport, targets, destination] with inputs: [0.1 -0.5 .9, 0 0 0]
[20:40:55] [Render thread/INFO]: Reloading ResourceManager: Default
[20:40:55] [Render thread/INFO]: Loaded 7 recipes
[20:40:55] [Render thread/INFO]: Loaded 927 advancements
[20:40:56] [Render thread/INFO]: Environment: authHost='https://authserver.mojang.com', accountsHost='https://api.mojang.com', sessionHost='https://sessionserver.mojang.com', servicesHost='https://api.minecraftservices.com', name='PROD'
[20:40:56] [Render thread/INFO]: Starting integrated minecraft server version 1.16.5
[20:40:56] [Render thread/INFO]: Generating keypair
[20:40:58] [Render thread/INFO]: Preparing start region for dimension minecraft:overworld
[20:41:10] [Render thread/INFO]: Changing view distance to 11, from 10
[20:41:10] [Render thread/INFO]: MineRLAgent0[local:E:4e76f97b] logged in with entity id 2305 at (-621.5, 64.0, -181.5)
[20:41:10] [Render thread/INFO]: MineRLAgent0 joined the game
[20:41:10] [Render thread/INFO]: Preparing spawn area: 12%
[20:41:10] [Render thread/INFO]: Time elapsed: 2 ms
[20:41:10] [Render thread/INFO]: [STDOUT]: Starting new video null
[20:41:10] [Render thread/INFO]: Saving and pausing game...
[20:41:10] [Render thread/INFO]: Saving chunks for level 'ServerLevel[mcpworld07e7ef01f84c]'/minecraft:overworld
[20:41:11] [Render thread/INFO]: Saving chunks for level 'ServerLevel[mcpworld07e7ef01f84c]'/minecraft:the_nether
[20:41:11] [Render thread/INFO]: Saving chunks for level 'ServerLevel[mcpworld07e7ef01f84c]'/minecraft:the_end
[20:41:11] [Render thread/INFO]: Loaded 0 advancements
[20:41:12] [EnvServerSocketHandler/ERROR]: Error while processing commands
java.lang.NumberFormatException: For input string: "True"
	at java.lang.NumberFormatException.forInputString(NumberFormatException.java:65) ~[?:1.8.0_442]
	at java.lang.Integer.parseInt(Integer.java:580) ~[?:1.8.0_442]
	at java.lang.Integer.parseInt(Integer.java:615) ~[?:1.8.0_442]
	at com.minerl.multiagent.env.EnvServer.constructKeyboardState(EnvServer.java:611) ~[mcprec-6.13.jar:?]
	at com.minerl.multiagent.env.EnvServer.execActions(EnvServer.java:600) ~[mcprec-6.13.jar:?]
	at com.minerl.multiagent.env.EnvServer.stepClient(EnvServer.java:512) ~[mcprec-6.13.jar:?]
	at com.minerl.multiagent.env.EnvServer.access$200(EnvServer.java:50) ~[mcprec-6.13.jar:?]
	at com.minerl.multiagent.env.EnvServer$1.run(EnvServer.java:119) [mcprec-6.13.jar:?]
[20:41:12] [EnvServerSocketHandler/INFO]: [STDOUT]: *** Stopping the replay, returning control to the inputs
[20:41:13] [EnvServerSocketHandler/INFO]: Received Mission token 3eb9cf53-8728-4ba1-ad9e-a0ca512834e6:0:0:1:true
[20:41:13] [EnvServerSocketHandler/INFO]: Received mission init command  <MissionInit xmlns="http://ProjectMalmo.microsoft.com" xmlns:xsi="http://www.w3.org/2001/XMLSchema-instance" SchemaVersion="" PlatformVersion="0.37.0"><Mission><About><Summary>MineRLObtainDiamondShovel-v0</Summary></About><ModSettings><MsPerTick>50</MsPerTick></ModSettings><ServerSection><ServerInitialConditions><Time><AllowPassageOfTime>true</AllowPassageOfTime></Time><AllowSpawning>true</AllowSpawning></ServerInitialConditions><ServerHandlers><DefaultWorldGenerator forceReset="true" generatorOptions="{}"/><ServerQuitWhenAnyAgentFinishes/></ServerHandlers></ServerSection><AgentSection mode="Survival"><Name>MineRLAgent0</Name><AgentStart><LowLevelInputs>true</LowLevelInputs><GuiScale>1.0</GuiScale><GammaSetting>2.0</GammaSetting><FOVSetting>70.0</FOVSetting><FakeCursorSize>16</FakeCursorSize></AgentStart><AgentHandlers><FileBasedPerformanceProducer/><PauseCommand/><VideoProducer want_depth="false"><Width>640</Width><Height>360</Height></VideoProducer><ObservationFromFullInventory flat="false"/><HumanLevelCommands/><CameraCommands/></AgentHandlers></AgentSection></Mission><ExperimentUID>3eb9cf53-8728-4ba1-ad9e-a0ca512834e6</ExperimentUID><ClientRole>0</ClientRole><ClientAgentConnection><ClientIPAddress>127.0.0.1</ClientIPAddress><ClientMissionControlPort>0</ClientMissionControlPort><ClientCommandsPort>0</ClientCommandsPort><AgentIPAddress>127.0.0.1</AgentIPAddress><AgentMissionControlPort>0</AgentMissionControlPort><AgentVideoPort>0</AgentVideoPort><AgentDepthPort>0</AgentDepthPort><AgentLuminancePort>0</AgentLuminancePort><AgentObservationsPort>0</AgentObservationsPort><AgentRewardsPort>0</AgentRewardsPort><AgentColourMapPort>0</AgentColourMapPort></ClientAgentConnection></MissionInit>
[20:41:13] [EnvServerSocketHandler/INFO]: [STDOUT]: Setting width, height to 640, 360
[20:41:13] [EnvServerSocketHandler/INFO]: [STDOUT]: Gamma: 2.0
[20:41:13] [EnvServerSocketHandler/INFO]: [STDOUT]: FOV: 70.0
[20:41:13] [EnvServerSocketHandler/INFO]: [STDOUT]: GuiScale: 1.0
[20:41:13] [Render thread/INFO]: [STDOUT]: Seed not provided, generating random one: -394756974397718764
[20:41:13] [Render thread/WARN]: Ambiguity between arguments [teleport, destination] and [teleport, targets] with inputs: [Player, 0123, @e, dd12be42-52a9-4a91-a8a1-11c01849e498]
[20:41:13] [Render thread/WARN]: Ambiguity between arguments [teleport, location] and [teleport, destination] with inputs: [0.1 -0.5 .9, 0 0 0]
[20:41:13] [Render thread/WARN]: Ambiguity between arguments [teleport, location] and [teleport, targets] with inputs: [0.1 -0.5 .9, 0 0 0]
[20:41:13] [Render thread/WARN]: Ambiguity between arguments [teleport, targets] and [teleport, destination] with inputs: [Player, 0123, dd12be42-52a9-4a91-a8a1-11c01849e498]
[20:41:13] [Render thread/WARN]: Ambiguity between arguments [teleport, targets, location] and [teleport, targets, destination] with inputs: [0.1 -0.5 .9, 0 0 0]
[20:41:13] [Render thread/INFO]: Reloading ResourceManager: Default
[20:41:13] [Render thread/INFO]: Loaded 7 recipes
[20:41:13] [Render thread/INFO]: Loaded 927 advancements
[20:41:13] [Render thread/INFO]: Environment: authHost='https://authserver.mojang.com', accountsHost='https://api.mojang.com', sessionHost='https://sessionserver.mojang.com', servicesHost='https://api.minecraftservices.com', name='PROD'
[20:41:13] [Render thread/INFO]: Starting integrated minecraft server version 1.16.5
[20:41:13] [Render thread/INFO]: Generating keypair
[20:41:16] [Render thread/INFO]: Preparing start region for dimension minecraft:overworld
[20:41:28] [Render thread/INFO]: Changing view distance to 11, from 10
[20:41:28] [Render thread/INFO]: MineRLAgent0[local:E:cf4bd9e3] logged in with entity id 2700 at (-365.5, 66.0, 202.5)
[20:41:28] [Render thread/INFO]: MineRLAgent0 joined the game
[20:41:28] [Render thread/INFO]: Preparing spawn area: 21%
[20:41:28] [Render thread/INFO]: Time elapsed: 2 ms
[20:41:28] [Render thread/INFO]: [STDOUT]: Starting new video null
[20:41:28] [Render thread/INFO]: Saving and pausing game...
[20:41:28] [Render thread/INFO]: Saving chunks for level 'ServerLevel[mcpworld074fb748e97f]'/minecraft:overworld
[20:41:29] [Render thread/INFO]: Saving chunks for level 'ServerLevel[mcpworld074fb748e97f]'/minecraft:the_nether
[20:41:29] [Render thread/INFO]: Saving chunks for level 'ServerLevel[mcpworld074fb748e97f]'/minecraft:the_end
[20:41:29] [Render thread/INFO]: Loaded 0 advancements
[20:41:31] [EnvServerSocketHandler/ERROR]: Error while processing commands
java.lang.NumberFormatException: For input string: "True"
	at java.lang.NumberFormatException.forInputString(NumberFormatException.java:65) ~[?:1.8.0_442]
	at java.lang.Integer.parseInt(Integer.java:580) ~[?:1.8.0_442]
	at java.lang.Integer.parseInt(Integer.java:615) ~[?:1.8.0_442]
	at com.minerl.multiagent.env.EnvServer.constructKeyboardState(EnvServer.java:611) ~[mcprec-6.13.jar:?]
	at com.minerl.multiagent.env.EnvServer.execActions(EnvServer.java:600) ~[mcprec-6.13.jar:?]
	at com.minerl.multiagent.env.EnvServer.stepClient(EnvServer.java:512) ~[mcprec-6.13.jar:?]
	at com.minerl.multiagent.env.EnvServer.access$200(EnvServer.java:50) ~[mcprec-6.13.jar:?]
	at com.minerl.multiagent.env.EnvServer$1.run(EnvServer.java:119) [mcprec-6.13.jar:?]
[20:41:31] [EnvServerSocketHandler/INFO]: [STDOUT]: *** Stopping the replay, returning control to the inputs
[20:41:31] [EnvServerSocketHandler/INFO]: Received Mission token dd38f100-592f-4c61-a4c0-18674b1d24f8:0:0:1:true
[20:41:31] [EnvServerSocketHandler/INFO]: Received mission init command  <MissionInit xmlns="http://ProjectMalmo.microsoft.com" xmlns:xsi="http://www.w3.org/2001/XMLSchema-instance" SchemaVersion="" PlatformVersion="0.37.0"><Mission><About><Summary>MineRLObtainDiamondShovel-v0</Summary></About><ModSettings><MsPerTick>50</MsPerTick></ModSettings><ServerSection><ServerInitialConditions><Time><AllowPassageOfTime>true</AllowPassageOfTime></Time><AllowSpawning>true</AllowSpawning></ServerInitialConditions><ServerHandlers><DefaultWorldGenerator forceReset="true" generatorOptions="{}"/><ServerQuitWhenAnyAgentFinishes/></ServerHandlers></ServerSection><AgentSection mode="Survival"><Name>MineRLAgent0</Name><AgentStart><LowLevelInputs>true</LowLevelInputs><GuiScale>1.0</GuiScale><GammaSetting>2.0</GammaSetting><FOVSetting>70.0</FOVSetting><FakeCursorSize>16</FakeCursorSize></AgentStart><AgentHandlers><FileBasedPerformanceProducer/><PauseCommand/><VideoProducer want_depth="false"><Width>640</Width><Height>360</Height></VideoProducer><ObservationFromFullInventory flat="false"/><HumanLevelCommands/><CameraCommands/></AgentHandlers></AgentSection></Mission><ExperimentUID>dd38f100-592f-4c61-a4c0-18674b1d24f8</ExperimentUID><ClientRole>0</ClientRole><ClientAgentConnection><ClientIPAddress>127.0.0.1</ClientIPAddress><ClientMissionControlPort>0</ClientMissionControlPort><ClientCommandsPort>0</ClientCommandsPort><AgentIPAddress>127.0.0.1</AgentIPAddress><AgentMissionControlPort>0</AgentMissionControlPort><AgentVideoPort>0</AgentVideoPort><AgentDepthPort>0</AgentDepthPort><AgentLuminancePort>0</AgentLuminancePort><AgentObservationsPort>0</AgentObservationsPort><AgentRewardsPort>0</AgentRewardsPort><AgentColourMapPort>0</AgentColourMapPort></ClientAgentConnection></MissionInit>
[20:41:31] [EnvServerSocketHandler/INFO]: [STDOUT]: Setting width, height to 640, 360
[20:41:31] [EnvServerSocketHandler/INFO]: [STDOUT]: Gamma: 2.0
[20:41:31] [EnvServerSocketHandler/INFO]: [STDOUT]: FOV: 70.0
[20:41:31] [EnvServerSocketHandler/INFO]: [STDOUT]: GuiScale: 1.0
[20:41:31] [Render thread/INFO]: [STDOUT]: Seed not provided, generating random one: 5271714236911554131
[20:41:31] [Render thread/WARN]: Ambiguity between arguments [teleport, destination] and [teleport, targets] with inputs: [Player, 0123, @e, dd12be42-52a9-4a91-a8a1-11c01849e498]
[20:41:31] [Render thread/WARN]: Ambiguity between arguments [teleport, location] and [teleport, destination] with inputs: [0.1 -0.5 .9, 0 0 0]
[20:41:31] [Render thread/WARN]: Ambiguity between arguments [teleport, location] and [teleport, targets] with inputs: [0.1 -0.5 .9, 0 0 0]
[20:41:31] [Render thread/WARN]: Ambiguity between arguments [teleport, targets] and [teleport, destination] with inputs: [Player, 0123, dd12be42-52a9-4a91-a8a1-11c01849e498]
[20:41:31] [Render thread/WARN]: Ambiguity between arguments [teleport, targets, location] and [teleport, targets, destination] with inputs: [0.1 -0.5 .9, 0 0 0]
[20:41:31] [Render thread/INFO]: Reloading ResourceManager: Default
[20:41:31] [Render thread/INFO]: Loaded 7 recipes
[20:41:31] [Render thread/INFO]: Loaded 927 advancements
[20:41:32] [Render thread/INFO]: Environment: authHost='https://authserver.mojang.com', accountsHost='https://api.mojang.com', sessionHost='https://sessionserver.mojang.com', servicesHost='https://api.minecraftservices.com', name='PROD'
[20:41:32] [Render thread/INFO]: Starting integrated minecraft server version 1.16.5
[20:41:32] [Render thread/INFO]: Generating keypair
[20:41:38] [Render thread/INFO]: Preparing start region for dimension minecraft:overworld
[20:41:50] [Render thread/INFO]: Changing view distance to 11, from 10
[20:41:50] [Render thread/INFO]: MineRLAgent0[local:E:ef6230a9] logged in with entity id 3536 at (-993.5, 65.0, -884.5)
[20:41:50] [Render thread/INFO]: MineRLAgent0 joined the game
[20:41:50] [Render thread/INFO]: Preparing spawn area: 52%
[20:41:50] [Render thread/INFO]: Time elapsed: 2 ms
[20:41:51] [Render thread/INFO]: [STDOUT]: Starting new video null
[20:41:51] [Render thread/INFO]: Saving and pausing game...
[20:41:51] [Render thread/INFO]: Saving chunks for level 'ServerLevel[mcpworld70933fc049bd]'/minecraft:overworld
[20:41:51] [Render thread/INFO]: Saving chunks for level 'ServerLevel[mcpworld70933fc049bd]'/minecraft:the_nether
[20:41:51] [Render thread/INFO]: Saving chunks for level 'ServerLevel[mcpworld70933fc049bd]'/minecraft:the_end
[20:41:52] [Render thread/INFO]: Loaded 0 advancements
[20:41:53] [EnvServerSocketHandler/ERROR]: Error while processing commands
java.lang.NumberFormatException: For input string: "True"
	at java.lang.NumberFormatException.forInputString(NumberFormatException.java:65) ~[?:1.8.0_442]
	at java.lang.Integer.parseInt(Integer.java:580) ~[?:1.8.0_442]
	at java.lang.Integer.parseInt(Integer.java:615) ~[?:1.8.0_442]
	at com.minerl.multiagent.env.EnvServer.constructKeyboardState(EnvServer.java:611) ~[mcprec-6.13.jar:?]
	at com.minerl.multiagent.env.EnvServer.execActions(EnvServer.java:600) ~[mcprec-6.13.jar:?]
	at com.minerl.multiagent.env.EnvServer.stepClient(EnvServer.java:512) ~[mcprec-6.13.jar:?]
	at com.minerl.multiagent.env.EnvServer.access$200(EnvServer.java:50) ~[mcprec-6.13.jar:?]
	at com.minerl.multiagent.env.EnvServer$1.run(EnvServer.java:119) [mcprec-6.13.jar:?]
[20:41:53] [EnvServerSocketHandler/INFO]: [STDOUT]: *** Stopping the replay, returning control to the inputs
[20:41:54] [EnvServerSocketHandler/INFO]: Received Mission token 852f6124-064f-41be-8094-fcb0a7cfa3ac:0:0:1:true
[20:41:54] [EnvServerSocketHandler/INFO]: Received mission init command  <MissionInit xmlns="http://ProjectMalmo.microsoft.com" xmlns:xsi="http://www.w3.org/2001/XMLSchema-instance" SchemaVersion="" PlatformVersion="0.37.0"><Mission><About><Summary>MineRLObtainDiamondShovel-v0</Summary></About><ModSettings><MsPerTick>50</MsPerTick></ModSettings><ServerSection><ServerInitialConditions><Time><AllowPassageOfTime>true</AllowPassageOfTime></Time><AllowSpawning>true</AllowSpawning></ServerInitialConditions><ServerHandlers><DefaultWorldGenerator forceReset="true" generatorOptions="{}"/><ServerQuitWhenAnyAgentFinishes/></ServerHandlers></ServerSection><AgentSection mode="Survival"><Name>MineRLAgent0</Name><AgentStart><LowLevelInputs>true</LowLevelInputs><GuiScale>1.0</GuiScale><GammaSetting>2.0</GammaSetting><FOVSetting>70.0</FOVSetting><FakeCursorSize>16</FakeCursorSize></AgentStart><AgentHandlers><FileBasedPerformanceProducer/><PauseCommand/><VideoProducer want_depth="false"><Width>640</Width><Height>360</Height></VideoProducer><ObservationFromFullInventory flat="false"/><HumanLevelCommands/><CameraCommands/></AgentHandlers></AgentSection></Mission><ExperimentUID>852f6124-064f-41be-8094-fcb0a7cfa3ac</ExperimentUID><ClientRole>0</ClientRole><ClientAgentConnection><ClientIPAddress>127.0.0.1</ClientIPAddress><ClientMissionControlPort>0</ClientMissionControlPort><ClientCommandsPort>0</ClientCommandsPort><AgentIPAddress>127.0.0.1</AgentIPAddress><AgentMissionControlPort>0</AgentMissionControlPort><AgentVideoPort>0</AgentVideoPort><AgentDepthPort>0</AgentDepthPort><AgentLuminancePort>0</AgentLuminancePort><AgentObservationsPort>0</AgentObservationsPort><AgentRewardsPort>0</AgentRewardsPort><AgentColourMapPort>0</AgentColourMapPort></ClientAgentConnection></MissionInit>
[20:41:54] [EnvServerSocketHandler/INFO]: [STDOUT]: Setting width, height to 640, 360
[20:41:54] [EnvServerSocketHandler/INFO]: [STDOUT]: Gamma: 2.0
[20:41:54] [EnvServerSocketHandler/INFO]: [STDOUT]: FOV: 70.0
[20:41:54] [EnvServerSocketHandler/INFO]: [STDOUT]: GuiScale: 1.0
[20:41:54] [Render thread/INFO]: [STDOUT]: Seed not provided, generating random one: -4159286913888984971
[20:41:54] [Render thread/WARN]: Ambiguity between arguments [teleport, destination] and [teleport, targets] with inputs: [Player, 0123, @e, dd12be42-52a9-4a91-a8a1-11c01849e498]
[20:41:54] [Render thread/WARN]: Ambiguity between arguments [teleport, location] and [teleport, destination] with inputs: [0.1 -0.5 .9, 0 0 0]
[20:41:54] [Render thread/WARN]: Ambiguity between arguments [teleport, location] and [teleport, targets] with inputs: [0.1 -0.5 .9, 0 0 0]
[20:41:54] [Render thread/WARN]: Ambiguity between arguments [teleport, targets] and [teleport, destination] with inputs: [Player, 0123, dd12be42-52a9-4a91-a8a1-11c01849e498]
[20:41:54] [Render thread/WARN]: Ambiguity between arguments [teleport, targets, location] and [teleport, targets, destination] with inputs: [0.1 -0.5 .9, 0 0 0]
[20:41:54] [Render thread/INFO]: Reloading ResourceManager: Default
[20:41:54] [Render thread/INFO]: Loaded 7 recipes
[20:41:54] [Render thread/INFO]: Loaded 927 advancements
[20:41:54] [Render thread/INFO]: Environment: authHost='https://authserver.mojang.com', accountsHost='https://api.mojang.com', sessionHost='https://sessionserver.mojang.com', servicesHost='https://api.minecraftservices.com', name='PROD'
[20:41:54] [Render thread/INFO]: Starting integrated minecraft server version 1.16.5
[20:41:54] [Render thread/INFO]: Generating keypair
[20:41:57] [Render thread/INFO]: Preparing start region for dimension minecraft:overworld
